\BOOKMARK [0][-]{chapter*.3}{Introducci\363n}{}% 1
\BOOKMARK [0][-]{chapter.1}{Objetivos}{}% 2
\BOOKMARK [0][-]{chapter.2}{Herramientas y Tecnolog\355as}{}% 3
\BOOKMARK [1][-]{section.2.1}{Introduccion}{chapter.2}% 4
\BOOKMARK [2][-]{subsection.2.1.1}{Android Studio}{section.2.1}% 5
\BOOKMARK [2][-]{subsection.2.1.2}{LaTex}{section.2.1}% 6
\BOOKMARK [2][-]{subsection.2.1.3}{Github}{section.2.1}% 7
\BOOKMARK [1][-]{section.2.2}{Tecnolog\355as utilizadas}{chapter.2}% 8
\BOOKMARK [2][-]{subsection.2.2.1}{El Sistema Operativo Android}{section.2.2}% 9
\BOOKMARK [2][-]{subsection.2.2.2}{Los Beacons}{section.2.2}% 10
\BOOKMARK [2][-]{subsection.2.2.3}{CouchBase Server}{section.2.2}% 11
\BOOKMARK [2][-]{subsection.2.2.4}{La librer\355a AltBeacon}{section.2.2}% 12
\BOOKMARK [2][-]{subsection.2.2.5}{El algoritmo de trilateraci\363n}{section.2.2}% 13
\BOOKMARK [0][-]{chapter.3}{XXX Titulo cap\355tulo}{}% 14
\BOOKMARK [1][-]{section.3.1}{Aplicaciones m\363viles en entornos universitarios}{chapter.3}% 15
\BOOKMARK [2][-]{subsection.3.1.1}{Descarga autom\341tica de material}{section.3.1}% 16
\BOOKMARK [0][-]{chapter.4}{La aplicaci\363n BulletPoint}{}% 17
\BOOKMARK [1][-]{section.4.1}{Casos de uso elegidos}{chapter.4}% 18
\BOOKMARK [2][-]{subsection.4.1.1}{Localizaci\363n de transporte p\372blico, horarios e informaci\363n de la parada}{section.4.1}% 19
\BOOKMARK [0][-]{chapter.5}{Conclusiones y l\355neas de trabajo futuras}{}% 20
\BOOKMARK [1][-]{subsection.5.0.1}{Conclusiones}{chapter.5}% 21
\BOOKMARK [2][-]{subsection.5.0.2}{Conclusions}{subsection.5.0.1}% 22
\BOOKMARK [2][-]{subsection.5.0.3}{L\355neas de trabajo futuras}{subsection.5.0.1}% 23
\BOOKMARK [0][-]{chapter.6}{Presupuesto y puesta en marcha}{}% 24
\BOOKMARK [0][-]{chapter.6}{Bibliograf\355a}{}% 25
